<?xml version="1.0" encoding="UTF-8" ?>
<testsuite tests="1" failures="0" name="FizzBuzzTest" time="0.002" errors="0" skipped="0">
  <properties>
    <property name="java.runtime.name" value="OpenJDK Runtime Environment"/>
    <property name="sun.boot.library.path" value="/Users/pb97582/.jabba/jdk/zulu@1.8.121/Contents/Home/jre/lib"/>
    <property name="java.vm.version" value="25.121-b15"/>
    <property name="user.country.format" value="IN"/>
    <property name="gopherProxySet" value="false"/>
    <property name="java.vm.vendor" value="Azul Systems, Inc."/>
    <property name="maven.multiModuleProjectDirectory" value="/Users/pb97582/Developer/tdd"/>
    <property name="java.vendor.url" value="http://www.azulsystems.com/"/>
    <property name="path.separator" value=":"/>
    <property name="guice.disable.misplaced.annotation.check" value="true"/>
    <property name="java.vm.name" value="OpenJDK 64-Bit Server VM"/>
    <property name="file.encoding.pkg" value="sun.io"/>
    <property name="user.country" value="US"/>
    <property name="sun.java.launcher" value="SUN_STANDARD"/>
    <property name="sun.os.patch.level" value="unknown"/>
    <property name="java.vm.specification.name" value="Java Virtual Machine Specification"/>
    <property name="user.dir" value="/Users/pb97582/Developer/tdd"/>
    <property name="java.runtime.version" value="1.8.0_121-b15"/>
    <property name="java.awt.graphicsenv" value="sun.awt.CGraphicsEnvironment"/>
    <property name="java.endorsed.dirs" value="/Users/pb97582/.jabba/jdk/zulu@1.8.121/Contents/Home/jre/lib/endorsed"/>
    <property name="os.arch" value="x86_64"/>
    <property name="java.io.tmpdir" value="/var/folders/dn/mt_xr3dn0vv8mz0kfxc4wg41ppl9bq/T/"/>
    <property name="line.separator" value="
"/>
    <property name="java.vm.specification.vendor" value="Oracle Corporation"/>
    <property name="os.name" value="Mac OS X"/>
    <property name="classworlds.conf" value="/Users/pb97582/apache-maven-3.5.2/bin/m2.conf"/>
    <property name="sun.jnu.encoding" value="UTF-8"/>
    <property name="java.library.path" value="/Users/pb97582/Library/Java/Extensions:/Library/Java/Extensions:/Network/Library/Java/Extensions:/System/Library/Java/Extensions:/usr/lib/java:."/>
    <property name="maven.conf" value="/Users/pb97582/apache-maven-3.5.2/conf"/>
    <property name="java.specification.name" value="Java Platform API Specification"/>
    <property name="java.class.version" value="52.0"/>
    <property name="sun.management.compiler" value="HotSpot 64-Bit Tiered Compilers"/>
    <property name="os.version" value="10.12.6"/>
    <property name="library.jansi.path" value="/Users/pb97582/apache-maven-3.5.2/lib/jansi-native"/>
    <property name="http.nonProxyHosts" value="jdnet.deere.com|*.jdnet.deere.com|deere.com|*.deere.com"/>
    <property name="user.home" value="/Users/pb97582"/>
    <property name="user.timezone" value="Asia/Kolkata"/>
    <property name="java.awt.printerjob" value="sun.lwawt.macosx.CPrinterJob"/>
    <property name="java.specification.version" value="1.8"/>
    <property name="file.encoding" value="US-ASCII"/>
    <property name="user.name" value="pb97582"/>
    <property name="java.class.path" value="/Users/pb97582/apache-maven-3.5.2/boot/plexus-classworlds-2.5.2.jar"/>
    <property name="java.vm.specification.version" value="1.8"/>
    <property name="sun.arch.data.model" value="64"/>
    <property name="java.home" value="/Users/pb97582/.jabba/jdk/zulu@1.8.121/Contents/Home/jre"/>
    <property name="sun.java.command" value="org.codehaus.plexus.classworlds.launcher.Launcher clean install"/>
    <property name="java.specification.vendor" value="Oracle Corporation"/>
    <property name="user.language" value="en"/>
    <property name="awt.toolkit" value="sun.lwawt.macosx.LWCToolkit"/>
    <property name="java.vm.info" value="mixed mode"/>
    <property name="java.version" value="1.8.0_121"/>
    <property name="java.ext.dirs" value="/Users/pb97582/Library/Java/Extensions:/Users/pb97582/.jabba/jdk/zulu@1.8.121/Contents/Home/jre/lib/ext:/Library/Java/Extensions:/Network/Library/Java/Extensions:/System/Library/Java/Extensions:/usr/lib/java"/>
    <property name="sun.boot.class.path" value="/Users/pb97582/.jabba/jdk/zulu@1.8.121/Contents/Home/jre/lib/resources.jar:/Users/pb97582/.jabba/jdk/zulu@1.8.121/Contents/Home/jre/lib/rt.jar:/Users/pb97582/.jabba/jdk/zulu@1.8.121/Contents/Home/jre/lib/sunrsasign.jar:/Users/pb97582/.jabba/jdk/zulu@1.8.121/Contents/Home/jre/lib/jsse.jar:/Users/pb97582/.jabba/jdk/zulu@1.8.121/Contents/Home/jre/lib/jce.jar:/Users/pb97582/.jabba/jdk/zulu@1.8.121/Contents/Home/jre/lib/charsets.jar:/Users/pb97582/.jabba/jdk/zulu@1.8.121/Contents/Home/jre/lib/jfr.jar:/Users/pb97582/.jabba/jdk/zulu@1.8.121/Contents/Home/jre/classes"/>
    <property name="java.vendor" value="Azul Systems, Inc."/>
    <property name="maven.home" value="/Users/pb97582/apache-maven-3.5.2"/>
    <property name="file.separator" value="/"/>
    <property name="java.vendor.url.bug" value="http://www.azulsystems.com/support/"/>
    <property name="sun.cpu.endian" value="little"/>
    <property name="sun.io.unicode.encoding" value="UnicodeBig"/>
    <property name="socksNonProxyHosts" value="jdnet.deere.com|*.jdnet.deere.com|deere.com|*.deere.com"/>
    <property name="ftp.nonProxyHosts" value="jdnet.deere.com|*.jdnet.deere.com|deere.com|*.deere.com"/>
    <property name="sun.cpu.isalist" value=""/>
  </properties>
  <testcase classname="FizzBuzzTest" name="shouldReturn1for1" time="0.002"/>
</testsuite>